                                                                                                                        
>>>>>>>>>>>>>>>>>>>>>>>>>>>>>>>>>>>>>>>>>>>>>>>>>>>>>>>>>>>>>>>>>>>>>>>>>>>>>>>>>>>>>>>>>>>>>>>>>>>>>>>>>>>>>>>>>>>>>>>>
2024-01-07 21:57:30,433 - INFO - START git_commands =============================================
2024-01-07 21:57:30,434 - INFO - START git_commands Start Time = 2024-01-07 21:57:30
2024-01-07 21:57:30,434 - INFO - git_commands Step 0 - Initialize the configuration file parser
2024-01-07 21:57:30,434 - INFO - Process git_commands Step 0 - Initializing and starting Process.
2024-01-07 21:57:30,724 - INFO - Process git_commands Step 1 - Import in the solutions excel File so you have a list of projects.
2024-01-07 21:57:30,795 - INFO - Process git_commands Step 2 - Create a project folder for each project if it doesnt already exist.
2024-01-07 21:57:30,808 - INFO - Process git_commands Optional Step 3 -One time setup - If the local .git repository does not exist
2024-01-07 21:58:03,016 - INFO - Process git_commands Step 4 - Added content, commited, and pushed 37 repositories  to github
2024-01-07 21:58:09,584 - INFO - Process git_commands  Step 3 - Copy any of your global use python libraries to the local git repositories .
2024-01-07 21:58:53,175 - INFO - PERFORMANCE git_commands The total process duration was:82.74
2024-01-07 21:58:53,175 - INFO - PERFORMANCE git_commands Stop Time = 2024-01-07 21:58:53
2024-01-07 21:58:53,175 - INFO - PERFORMANCE git_commands Low process duration less than 3 minutes:82.74
2024-01-07 21:58:53,175 - INFO - PERFORMANCE git_commands Performance optimization is optional
2024-01-07 21:58:53,175 - INFO - END git_commands =============================================

<<<<<<<<<<<<<<<<<<<<<<<<<<<<<<<<<<<<<<<<<<<<<<<<<<<<<<<<<<<<<<<<<<<<<<<<<<<<<<<<<<<<<<<<<<<<<<<<<<<<<<<<<<<<<<<<<<<<<<<<
                                                                                                                        
                                                                                                                        
>>>>>>>>>>>>>>>>>>>>>>>>>>>>>>>>>>>>>>>>>>>>>>>>>>>>>>>>>>>>>>>>>>>>>>>>>>>>>>>>>>>>>>>>>>>>>>>>>>>>>>>>>>>>>>>>>>>>>>>>
2024-01-07 21:59:11,501 - INFO - START git_commands =============================================
2024-01-07 21:59:11,502 - INFO - START git_commands Start Time = 2024-01-07 21:59:11
2024-01-07 21:59:11,502 - INFO - git_commands Step 0 - Initialize the configuration file parser
2024-01-07 21:59:11,502 - INFO - Process git_commands Step 0 - Initializing and starting Process.
2024-01-07 21:59:11,759 - INFO - Process git_commands Step 1 - Import in the solutions excel File so you have a list of projects.
2024-01-07 21:59:11,846 - INFO - Process git_commands Step 2 - Create a project folder for each project if it doesnt already exist.
2024-01-07 21:59:11,859 - INFO - Process git_commands Optional Step 3 -One time setup - If the local .git repository does not exist
2024-01-07 21:59:46,015 - INFO - Process git_commands Step 4 - Added content, commited, and pushed 37 repositories  to github
2024-01-07 21:59:52,492 - INFO - Process git_commands  Step 3 - Copy any of your global use python libraries to the local git repositories .
2024-01-07 21:59:52,518 - INFO - PERFORMANCE git_commands The total process duration was:41.02
2024-01-07 21:59:52,518 - INFO - PERFORMANCE git_commands Stop Time = 2024-01-07 21:59:52
2024-01-07 21:59:52,518 - INFO - PERFORMANCE git_commands Low process duration less than 3 minutes:41.02
2024-01-07 21:59:52,518 - INFO - PERFORMANCE git_commands Performance optimization is optional
2024-01-07 21:59:52,518 - INFO - END git_commands =============================================

<<<<<<<<<<<<<<<<<<<<<<<<<<<<<<<<<<<<<<<<<<<<<<<<<<<<<<<<<<<<<<<<<<<<<<<<<<<<<<<<<<<<<<<<<<<<<<<<<<<<<<<<<<<<<<<<<<<<<<<<
                                                                                                                        
                                                                                                                        
>>>>>>>>>>>>>>>>>>>>>>>>>>>>>>>>>>>>>>>>>>>>>>>>>>>>>>>>>>>>>>>>>>>>>>>>>>>>>>>>>>>>>>>>>>>>>>>>>>>>>>>>>>>>>>>>>>>>>>>>
2024-01-10 01:53:03,541 - INFO - START git_commands =============================================
2024-01-10 01:53:03,541 - INFO - START git_commands Start Time = 2024-01-10 01:53:03
2024-01-10 01:53:03,541 - INFO - git_commands Step 0 - Initialize the configuration file parser
2024-01-10 01:53:03,542 - INFO - Process git_commands Step 0 - Initializing and starting Process.
2024-01-10 01:53:03,755 - INFO - Process git_commands Step 1 - Import in the solutions excel File so you have a list of projects.
2024-01-10 01:53:03,823 - INFO - Process git_commands Step 2 - Create a project folder for each project if it doesnt already exist.
2024-01-10 01:53:03,836 - INFO - Process git_commands Optional Step 3 -One time setup - If the local .git repository does not exist
2024-01-10 01:53:37,360 - INFO - Process git_commands Step 4 - Added content, commited, and pushed 37 repositories  to github
2024-01-10 01:53:43,816 - INFO - Process git_commands  Step 3 - Copy any of your global use python libraries to the local git repositories .
2024-01-10 01:53:43,845 - INFO - PERFORMANCE git_commands The total process duration was:40.30
2024-01-10 01:53:43,845 - INFO - PERFORMANCE git_commands Stop Time = 2024-01-10 01:53:43
2024-01-10 01:53:43,845 - INFO - PERFORMANCE git_commands Low process duration less than 3 minutes:40.30
2024-01-10 01:53:43,845 - INFO - PERFORMANCE git_commands Performance optimization is optional
2024-01-10 01:53:43,845 - INFO - END git_commands =============================================

<<<<<<<<<<<<<<<<<<<<<<<<<<<<<<<<<<<<<<<<<<<<<<<<<<<<<<<<<<<<<<<<<<<<<<<<<<<<<<<<<<<<<<<<<<<<<<<<<<<<<<<<<<<<<<<<<<<<<<<<
                                                                                                                        
                                                                                                                        
>>>>>>>>>>>>>>>>>>>>>>>>>>>>>>>>>>>>>>>>>>>>>>>>>>>>>>>>>>>>>>>>>>>>>>>>>>>>>>>>>>>>>>>>>>>>>>>>>>>>>>>>>>>>>>>>>>>>>>>>
2024-01-26 09:09:02,389 - INFO - START git_commands =============================================
2024-01-26 09:09:02,389 - INFO - START git_commands Start Time = 2024-01-26 09:09:02
2024-01-26 09:09:02,389 - INFO - git_commands Step 0 - Initialize the configuration file parser
2024-01-26 09:09:02,389 - INFO - Process git_commands Step 0 - Initializing and starting Process.
2024-01-26 09:09:02,682 - INFO - Process git_commands Step 1 - Import in the solutions excel File so you have a list of projects.
2024-01-26 09:09:02,749 - INFO - Process git_commands Step 2 - Create a project folder for each project if it doesnt already exist.
2024-01-26 09:09:02,762 - INFO - Process git_commands Optional Step 3 -One time setup - If the local .git repository does not exist
2024-01-26 09:09:30,496 - INFO - Process git_commands Step 4 - Added content, commited, and pushed 37 repositories  to github
2024-01-26 09:09:37,365 - INFO - Process git_commands  Step 3 - Copy any of your global use python libraries to the local git repositories .
2024-01-26 09:09:37,391 - INFO - PERFORMANCE git_commands The total process duration was:35.00
2024-01-26 09:09:37,391 - INFO - PERFORMANCE git_commands Stop Time = 2024-01-26 09:09:37
2024-01-26 09:09:37,391 - INFO - PERFORMANCE git_commands Low process duration less than 3 minutes:35.00
2024-01-26 09:09:37,391 - INFO - PERFORMANCE git_commands Performance optimization is optional
2024-01-26 09:09:37,391 - INFO - END git_commands =============================================

<<<<<<<<<<<<<<<<<<<<<<<<<<<<<<<<<<<<<<<<<<<<<<<<<<<<<<<<<<<<<<<<<<<<<<<<<<<<<<<<<<<<<<<<<<<<<<<<<<<<<<<<<<<<<<<<<<<<<<<<
                                                                                                                        
